./adm/content.css:7e11d1b30695383acdd9fd7f4ae18f6f
./adm/csshover3.htc:601783c1e0dc390d8c8e80a654af7328
./adm/inc/gastbok.php:d1c1257dc3ae381f933fc52c00ac7550
./adm/inc/historia.php:4ce6a0e1116a92b6d51bfcc7dd6db79e
./adm/inc/ipban.php:52933db2ddcd0b4cff869116ac7aef06
./adm/inc/kontakta.php:3644d11b19921590d603807f7f9bf06a
./adm/inc/konton.php:6ab4b8b2717ac741a70b852e46495f77
./adm/inc/login.php:9b56df6db3b9633c26fd80b56ddbb75e
./adm/inc/matcher.php:96973296a4715f39d1f80fe5b2e5de24
./adm/inc/medlemmar.php:8049133542f52af52be9205cc1214bdb
./adm/inc/nyheter.php:7b49bd6e98147de70927229d9eae92ed
./adm/inc/settings.php:63a08edf851a2b889d91a7bdf102af67
./adm/inc/start.php:a9f9e8d053a8a5fa728e68d84827a890
./adm/inc/xadmin.php:6fd8ef63f4891a7146959afe20e0bd79
./adm/index.php:544677079a1e37d70d237cbec0fbe59a
./adm/lib/backup.php:3f9e3f684b13a107bc85a2d4379ddc5a
./adm/lib/clockpick.css:cca99b423e12fb7e6387ae461be90f48
./adm/lib/clockpick.js:35cc3f8339460d04cfe811364db6b229
./adm/lib/config.php:b12de7b2e92171a8064d95c5dd2d3f52
./adm/lib/core.php:971d291135c1b6df0fed4a77ac253f60
./adm/lib/jquery.js:7d91ff87b2c0439ac76c5af0bccb877b
./adm/lib/jquery.tooltip.css:eef76a5fad9c3c01a808cc205364ce5a
./adm/lib/jquery.tooltip.js:b37268f278a2ebf97935823b26e4542c
./adm/lib/jquery.ui.js:153465927a6875711134b4c109be1b92
./adm/lib/main.js:c406aacc47c7bf89674982ba562e2df1
./adm/lib/sql.php:6a0b9df6a8a80a04ad329913b8051064
./adm/lib/ui.core.css:5ffacd01540626029e1d56e226ac3d4e
./adm/lib/ui.datepicker-sv.js:6733b36f0db704f8b7d55174a12ef89e
./adm/lib/ui.datepicker.css:dfeeadeec7cc239850956ba5b4ccab68
./adm/lib/ui.theme.css:abb4507acc1d70ae5c9bfc3ad613ba84
./adm/reset.css:9d402d38951fa1dd5428d519771fcce6
./adm/style.css:3464636993822631691dadfb9624f1d9
./changelog.txt:c5839a12a11920cf38da73ef0fc6768d
./class.md5.php:dedffc5e2cf378454e2956d88cd84b7a
./inc/gastbok.php:c6e65aaa6a044f57c22267e07029732e
./inc/historia.php:ffd47335803da59ec911263a346602bc
./inc/info.php:c1f0256b612f08223572694af6799311
./inc/kontakta.php:21ff54081c726d352345657ac7ad2343
./inc/main.php:1bf03120f6956d270c796f2239c9b029
./inc/matcher.php:5b46ad3fc800f9fb34939592b60e1868
./inc/medlemmar.php:732373fc7683dc9f5ef772f4b2839ac4
./inc/nyheter.php:268fb5c8940193bf262d159f3f0b5f6a
./inc/stilmall.css:791e16927f771579a11e3419e5eb23c8
./index.php:29cda6fda7a494541b4328090b70a59e
./ins/class.install.php:00c027ed6d7db69abde65518e22ff6b9
./ins/class.recovery.php:6ebcda8649a0f1f0b873187c1d9c8e38
./ins/class.upgrade.php:4085e9c25e812e0e89a270e64fb4dd80
./ins/index.php:11fe52a6cb50da3e79c66ad949cab032
./ins/recovery.php:3b69450e6e36d4c5b66680fdd8007fc5
./ins/update.php:6c7e74ac36c6f0f7b38de587e1ffeb53
./licens.txt:639973b6ffc1f0e234c4d60317d386b6
./mklst.php:ffd3a7ddcf91a28dd3f55ec51e0a5922
./readme.txt:d05f52ac84b832792fdbca547bd095b6
./todo:fe8c8eedb447a9ef2c16c9edf36a3662
./verify.php:6414c74d704c130a05ed55fa4a579e0a
